Thu Jun 08 17:03:22 NZST 2023 : Apache Derby Network Server - 10.14.2.0 - (1828579) started and ready to accept connections on port 1527
----------------------------------------------------------------
Thu Jun 08 17:04:08 NZST 2023:
Booting Derby version The Apache Software Foundation - Apache Derby - 10.14.2.0 - (1828579): instance a816c00e-0188-9963-4deb-00002e68e4a5 
on database directory C:\Users\sfcua\OneDrive\Desktop\Poker code 2\BankDB with class loader sun.misc.Launcher$AppClassLoader@1d44bcfa 
Loaded from file:/C:/Users/sfcua/OneDrive/Desktop/db-derby-10.14.2.0-bin/lib/derby.jar
java.vendor=Oracle Corporation
java.runtime.version=1.8.0_361-b09
user.dir=C:\Users\sfcua\OneDrive\Desktop\db-derby-10.14.2.0-bin
os.name=Windows 11
os.arch=amd64
os.version=10.0
derby.system.home=C:\Users\sfcua\OneDrive\Desktop\Poker code 2
Database Class Loader started - derby.database.classpath=''
----------------------------------------------------------------
Thu Jun 08 17:04:09 NZST 2023:
Shutting down instance a816c00e-0188-9963-4deb-00002e68e4a5 on database directory C:\Users\sfcua\OneDrive\Desktop\Poker code 2\BankDB with class loader sun.misc.Launcher$AppClassLoader@1d44bcfa 
Thu Jun 08 17:04:09 NZST 2023 Thread[DRDAConnThread_3,5,main] (DATABASE = BankDB), (DRDAID = {2}), Database 'BankDB' shutdown.
----------------------------------------------------------------
Thu Jun 08 17:04:21 NZST 2023:
Booting Derby version The Apache Software Foundation - Apache Derby - 10.14.2.0 - (1828579): instance 6ede40af-0188-9963-4deb-00002e68e4a5 
on database directory C:\Users\sfcua\OneDrive\Desktop\Poker code 2\BankDB with class loader sun.misc.Launcher$AppClassLoader@1d44bcfa 
Loaded from file:/C:/Users/sfcua/OneDrive/Desktop/db-derby-10.14.2.0-bin/lib/derby.jar
java.vendor=Oracle Corporation
java.runtime.version=1.8.0_361-b09
user.dir=C:\Users\sfcua\OneDrive\Desktop\db-derby-10.14.2.0-bin
os.name=Windows 11
os.arch=amd64
os.version=10.0
derby.system.home=C:\Users\sfcua\OneDrive\Desktop\Poker code 2
Database Class Loader started - derby.database.classpath=''
----------------------------------------------------------------
Thu Jun 08 17:41:03 NZST 2023: Shutting down Derby engine
----------------------------------------------------------------
Thu Jun 08 17:41:03 NZST 2023:
Shutting down instance 6ede40af-0188-9963-4deb-00002e68e4a5 on database directory C:\Users\sfcua\OneDrive\Desktop\Poker code 2\BankDB with class loader sun.misc.Launcher$AppClassLoader@1d44bcfa 
----------------------------------------------------------------
